<?xml version="1.0" encoding="UTF-8"?>
<!-- Generated by org.testng.reporters.JUnitReportReporter -->
<testsuite name="CucumberRunner.CR" tests="1" time="1.225" ignored="0" failures="0" timestamp="03 Aug 2019 10:04:04 GMT" skipped="0" hostname="IN-J97G5Q2" errors="0">
  <testcase name="runScenario" time="1.225" classname="CucumberRunner.CR"/>
</testsuite> <!-- CucumberRunner.CR -->
