<?xml version="1.0" encoding="UTF-8"?>
<!-- Generated by org.testng.reporters.JUnitReportReporter -->
<testsuite skipped="0" hostname="IN-J97G5Q2" name="com.dcom.stepdefinition.Test1" tests="1" failures="0" timestamp="03 Aug 2019 06:49:33 GMT" time="1.619" errors="0">
  <testcase name="hitAPI" time="1.619" classname="com.dcom.stepdefinition.Test1"/>
</testsuite> <!-- com.dcom.stepdefinition.Test1 -->
