<?xml version="1.0" encoding="UTF-8"?>
<!-- Generated by org.testng.reporters.JUnitReportReporter -->
<testsuite hostname="IN-J97G5Q2" name="main.CucumberRunner" tests="1" failures="0" timestamp="3 Aug 2019 07:09:14 GMT" time="0.808" errors="0">
  <testcase name="feature" time="0.808" classname="main.CucumberRunner"/>
</testsuite> <!-- main.CucumberRunner -->
