<?xml version="1.0" encoding="UTF-8"?>
<!-- Generated by org.testng.reporters.JUnitReportReporter -->
<testsuite hostname="IN-J97G5Q2" name="com.dcom.CucumberRunner.CR" tests="1" failures="0" timestamp="3 Aug 2019 09:45:14 GMT" time="0.024" errors="0">
  <testcase name="feature" time="0.024" classname="com.dcom.CucumberRunner.CR"/>
</testsuite> <!-- com.dcom.CucumberRunner.CR -->
